[0.401s] Invoking command in '/Users/jonkach/Documents/Projects/VSCodeProjects/ros2_ws/build/shape_detection': CONDA_PROMPT_MODIFIER=(ros2) PYTHONPATH=/Users/jonkach/Documents/Projects/VSCodeProjects/ros2_ws/build/shape_detection/prefix_override:/Users/jonkach/miniconda3/envs/ros2/lib/python3.12/site-packages/colcon_core/task/python/colcon_distutils_commands:/Users/jonkach/Documents/Projects/VSCodeProjects/ros2_ws/install/shape_detection/lib/python3.12/site-packages:${PYTHONPATH} SHLVL=2 _=/Users/jonkach/miniconda3/envs/ros2/bin/env /Users/jonkach/miniconda3/envs/ros2/bin/python3.12 -W ignore:setup.py install is deprecated -W ignore:easy_install command is deprecated setup.py develop --uninstall --editable --build-directory /Users/jonkach/Documents/Projects/VSCodeProjects/ros2_ws/build/shape_detection/build
[0.528s] running develop
[0.616s] Removing /Users/jonkach/Documents/Projects/VSCodeProjects/ros2_ws/install/shape_detection/lib/python3.12/site-packages/shape-detection.egg-link (link to .)
[0.628s] Invoked command in '/Users/jonkach/Documents/Projects/VSCodeProjects/ros2_ws/build/shape_detection' returned '0': CONDA_PROMPT_MODIFIER=(ros2) PYTHONPATH=/Users/jonkach/Documents/Projects/VSCodeProjects/ros2_ws/build/shape_detection/prefix_override:/Users/jonkach/miniconda3/envs/ros2/lib/python3.12/site-packages/colcon_core/task/python/colcon_distutils_commands:/Users/jonkach/Documents/Projects/VSCodeProjects/ros2_ws/install/shape_detection/lib/python3.12/site-packages:${PYTHONPATH} SHLVL=2 _=/Users/jonkach/miniconda3/envs/ros2/bin/env /Users/jonkach/miniconda3/envs/ros2/bin/python3.12 -W ignore:setup.py install is deprecated -W ignore:easy_install command is deprecated setup.py develop --uninstall --editable --build-directory /Users/jonkach/Documents/Projects/VSCodeProjects/ros2_ws/build/shape_detection/build
[0.629s] Invoking command in '/Users/jonkach/Documents/Projects/VSCodeProjects/ros2_ws/src/shape_detection': CONDA_PROMPT_MODIFIER=(ros2) PYTHONPATH=/Users/jonkach/Documents/Projects/VSCodeProjects/ros2_ws/build/shape_detection/prefix_override:/Users/jonkach/miniconda3/envs/ros2/lib/python3.12/site-packages/colcon_core/task/python/colcon_distutils_commands:/Users/jonkach/Documents/Projects/VSCodeProjects/ros2_ws/install/shape_detection/lib/python3.12/site-packages:${PYTHONPATH} SHLVL=2 _=/Users/jonkach/miniconda3/envs/ros2/bin/env /Users/jonkach/miniconda3/envs/ros2/bin/python3.12 -W ignore:setup.py install is deprecated -W ignore:easy_install command is deprecated setup.py egg_info --egg-base ../../build/shape_detection build --build-base /Users/jonkach/Documents/Projects/VSCodeProjects/ros2_ws/build/shape_detection/build install --record /Users/jonkach/Documents/Projects/VSCodeProjects/ros2_ws/build/shape_detection/install.log --single-version-externally-managed install_data --force
[0.770s] running egg_info
[0.777s] writing ../../build/shape_detection/shape_detection.egg-info/PKG-INFO
[0.777s] writing dependency_links to ../../build/shape_detection/shape_detection.egg-info/dependency_links.txt
[0.777s] writing entry points to ../../build/shape_detection/shape_detection.egg-info/entry_points.txt
[0.777s] writing requirements to ../../build/shape_detection/shape_detection.egg-info/requires.txt
[0.777s] writing top-level names to ../../build/shape_detection/shape_detection.egg-info/top_level.txt
[0.792s] reading manifest file '../../build/shape_detection/shape_detection.egg-info/SOURCES.txt'
[0.792s] writing manifest file '../../build/shape_detection/shape_detection.egg-info/SOURCES.txt'
[0.792s] running build
[0.793s] running build_py
[0.793s] copying shape_detection/shape_detector_node.py -> /Users/jonkach/Documents/Projects/VSCodeProjects/ros2_ws/build/shape_detection/build/lib/shape_detection
[0.793s] running install
[0.795s] running install_lib
[0.802s] creating /Users/jonkach/Documents/Projects/VSCodeProjects/ros2_ws/install/shape_detection/lib/python3.12/site-packages/shape_detection
[0.802s] copying /Users/jonkach/Documents/Projects/VSCodeProjects/ros2_ws/build/shape_detection/build/lib/shape_detection/__init__.py -> /Users/jonkach/Documents/Projects/VSCodeProjects/ros2_ws/install/shape_detection/lib/python3.12/site-packages/shape_detection
[0.803s] copying /Users/jonkach/Documents/Projects/VSCodeProjects/ros2_ws/build/shape_detection/build/lib/shape_detection/test.py -> /Users/jonkach/Documents/Projects/VSCodeProjects/ros2_ws/install/shape_detection/lib/python3.12/site-packages/shape_detection
[0.803s] copying /Users/jonkach/Documents/Projects/VSCodeProjects/ros2_ws/build/shape_detection/build/lib/shape_detection/shape_detector_node.py -> /Users/jonkach/Documents/Projects/VSCodeProjects/ros2_ws/install/shape_detection/lib/python3.12/site-packages/shape_detection
[0.803s] copying /Users/jonkach/Documents/Projects/VSCodeProjects/ros2_ws/build/shape_detection/build/lib/shape_detection/video_publisher.py -> /Users/jonkach/Documents/Projects/VSCodeProjects/ros2_ws/install/shape_detection/lib/python3.12/site-packages/shape_detection
[0.803s] byte-compiling /Users/jonkach/Documents/Projects/VSCodeProjects/ros2_ws/install/shape_detection/lib/python3.12/site-packages/shape_detection/__init__.py to __init__.cpython-312.pyc
[0.804s] byte-compiling /Users/jonkach/Documents/Projects/VSCodeProjects/ros2_ws/install/shape_detection/lib/python3.12/site-packages/shape_detection/test.py to test.cpython-312.pyc
[0.804s] byte-compiling /Users/jonkach/Documents/Projects/VSCodeProjects/ros2_ws/install/shape_detection/lib/python3.12/site-packages/shape_detection/shape_detector_node.py to shape_detector_node.cpython-312.pyc
[0.805s] byte-compiling /Users/jonkach/Documents/Projects/VSCodeProjects/ros2_ws/install/shape_detection/lib/python3.12/site-packages/shape_detection/video_publisher.py to video_publisher.cpython-312.pyc
[0.805s] running install_data
[0.805s] copying resource/shape_detection -> /Users/jonkach/Documents/Projects/VSCodeProjects/ros2_ws/install/shape_detection/share/ament_index/resource_index/packages
[0.805s] copying package.xml -> /Users/jonkach/Documents/Projects/VSCodeProjects/ros2_ws/install/shape_detection/share/shape_detection
[0.805s] copying launch/detect_shapes.launch.py -> /Users/jonkach/Documents/Projects/VSCodeProjects/ros2_ws/install/shape_detection/share/shape_detection/launch
[0.806s] copying dynamic.mp4 -> /Users/jonkach/Documents/Projects/VSCodeProjects/ros2_ws/install/shape_detection/share/shape_detection
[0.823s] running install_egg_info
[0.832s] Copying ../../build/shape_detection/shape_detection.egg-info to /Users/jonkach/Documents/Projects/VSCodeProjects/ros2_ws/install/shape_detection/lib/python3.12/site-packages/shape_detection-0.0.0-py3.12.egg-info
[0.834s] running install_scripts
[0.869s] Installing shape_detector script to /Users/jonkach/Documents/Projects/VSCodeProjects/ros2_ws/install/shape_detection/lib/shape_detection
[0.869s] Installing video_publisher script to /Users/jonkach/Documents/Projects/VSCodeProjects/ros2_ws/install/shape_detection/lib/shape_detection
[0.869s] writing list of installed files to '/Users/jonkach/Documents/Projects/VSCodeProjects/ros2_ws/build/shape_detection/install.log'
[0.880s] Invoked command in '/Users/jonkach/Documents/Projects/VSCodeProjects/ros2_ws/src/shape_detection' returned '0': CONDA_PROMPT_MODIFIER=(ros2) PYTHONPATH=/Users/jonkach/Documents/Projects/VSCodeProjects/ros2_ws/build/shape_detection/prefix_override:/Users/jonkach/miniconda3/envs/ros2/lib/python3.12/site-packages/colcon_core/task/python/colcon_distutils_commands:/Users/jonkach/Documents/Projects/VSCodeProjects/ros2_ws/install/shape_detection/lib/python3.12/site-packages:${PYTHONPATH} SHLVL=2 _=/Users/jonkach/miniconda3/envs/ros2/bin/env /Users/jonkach/miniconda3/envs/ros2/bin/python3.12 -W ignore:setup.py install is deprecated -W ignore:easy_install command is deprecated setup.py egg_info --egg-base ../../build/shape_detection build --build-base /Users/jonkach/Documents/Projects/VSCodeProjects/ros2_ws/build/shape_detection/build install --record /Users/jonkach/Documents/Projects/VSCodeProjects/ros2_ws/build/shape_detection/install.log --single-version-externally-managed install_data --force
