/Users/jonkach/Documents/Projects/VSCodeProjects/ros2_ws/install/shape_detection/lib/python3.12/site-packages/shape_detection/__init__.py
/Users/jonkach/Documents/Projects/VSCodeProjects/ros2_ws/install/shape_detection/lib/python3.12/site-packages/shape_detection/test.py
/Users/jonkach/Documents/Projects/VSCodeProjects/ros2_ws/install/shape_detection/lib/python3.12/site-packages/shape_detection/shape_detector_node.py
/Users/jonkach/Documents/Projects/VSCodeProjects/ros2_ws/install/shape_detection/lib/python3.12/site-packages/shape_detection/video_publisher.py
/Users/jonkach/Documents/Projects/VSCodeProjects/ros2_ws/install/shape_detection/lib/python3.12/site-packages/shape_detection/__pycache__/__init__.cpython-312.pyc
/Users/jonkach/Documents/Projects/VSCodeProjects/ros2_ws/install/shape_detection/lib/python3.12/site-packages/shape_detection/__pycache__/test.cpython-312.pyc
/Users/jonkach/Documents/Projects/VSCodeProjects/ros2_ws/install/shape_detection/lib/python3.12/site-packages/shape_detection/__pycache__/shape_detector_node.cpython-312.pyc
/Users/jonkach/Documents/Projects/VSCodeProjects/ros2_ws/install/shape_detection/lib/python3.12/site-packages/shape_detection/__pycache__/video_publisher.cpython-312.pyc
/Users/jonkach/Documents/Projects/VSCodeProjects/ros2_ws/install/shape_detection/share/ament_index/resource_index/packages/shape_detection
/Users/jonkach/Documents/Projects/VSCodeProjects/ros2_ws/install/shape_detection/share/shape_detection/package.xml
/Users/jonkach/Documents/Projects/VSCodeProjects/ros2_ws/install/shape_detection/share/shape_detection/launch/detect_shapes.launch.py
/Users/jonkach/Documents/Projects/VSCodeProjects/ros2_ws/install/shape_detection/share/shape_detection/dynamic.mp4
/Users/jonkach/Documents/Projects/VSCodeProjects/ros2_ws/install/shape_detection/lib/python3.12/site-packages/shape_detection-0.0.0-py3.12.egg-info/PKG-INFO
/Users/jonkach/Documents/Projects/VSCodeProjects/ros2_ws/install/shape_detection/lib/python3.12/site-packages/shape_detection-0.0.0-py3.12.egg-info/zip-safe
/Users/jonkach/Documents/Projects/VSCodeProjects/ros2_ws/install/shape_detection/lib/python3.12/site-packages/shape_detection-0.0.0-py3.12.egg-info/SOURCES.txt
/Users/jonkach/Documents/Projects/VSCodeProjects/ros2_ws/install/shape_detection/lib/python3.12/site-packages/shape_detection-0.0.0-py3.12.egg-info/entry_points.txt
/Users/jonkach/Documents/Projects/VSCodeProjects/ros2_ws/install/shape_detection/lib/python3.12/site-packages/shape_detection-0.0.0-py3.12.egg-info/requires.txt
/Users/jonkach/Documents/Projects/VSCodeProjects/ros2_ws/install/shape_detection/lib/python3.12/site-packages/shape_detection-0.0.0-py3.12.egg-info/top_level.txt
/Users/jonkach/Documents/Projects/VSCodeProjects/ros2_ws/install/shape_detection/lib/python3.12/site-packages/shape_detection-0.0.0-py3.12.egg-info/dependency_links.txt
/Users/jonkach/Documents/Projects/VSCodeProjects/ros2_ws/install/shape_detection/lib/shape_detection/shape_detector
/Users/jonkach/Documents/Projects/VSCodeProjects/ros2_ws/install/shape_detection/lib/shape_detection/video_publisher
