[0.392s] Invoking command in '/Users/jonkach/Documents/Projects/VSCodeProjects/ros2_ws/src/shape_detection': CONDA_PROMPT_MODIFIER=(ros2) PYTHONPATH=/Users/jonkach/Documents/Projects/VSCodeProjects/ros2_ws/build/shape_detection/prefix_override:/Users/jonkach/miniconda3/envs/ros2/lib/python3.12/site-packages/colcon_core/task/python/colcon_distutils_commands:/Users/jonkach/Documents/Projects/VSCodeProjects/ros2_ws/install/shape_detection/lib/python3.12/site-packages:${PYTHONPATH} SHLVL=2 _=/Users/jonkach/miniconda3/envs/ros2/bin/env /Users/jonkach/miniconda3/envs/ros2/bin/python3.12 -W ignore:setup.py install is deprecated -W ignore:easy_install command is deprecated setup.py egg_info --egg-base ../../build/shape_detection build --build-base /Users/jonkach/Documents/Projects/VSCodeProjects/ros2_ws/build/shape_detection/build install --record /Users/jonkach/Documents/Projects/VSCodeProjects/ros2_ws/build/shape_detection/install.log --single-version-externally-managed install_data
[0.529s] running egg_info
[0.536s] writing ../../build/shape_detection/shape_detection.egg-info/PKG-INFO
[0.536s] writing dependency_links to ../../build/shape_detection/shape_detection.egg-info/dependency_links.txt
[0.537s] writing entry points to ../../build/shape_detection/shape_detection.egg-info/entry_points.txt
[0.537s] writing requirements to ../../build/shape_detection/shape_detection.egg-info/requires.txt
[0.537s] writing top-level names to ../../build/shape_detection/shape_detection.egg-info/top_level.txt
[0.552s] reading manifest file '../../build/shape_detection/shape_detection.egg-info/SOURCES.txt'
[0.553s] writing manifest file '../../build/shape_detection/shape_detection.egg-info/SOURCES.txt'
[0.553s] running build
[0.553s] running build_py
[0.553s] copying shape_detection/shape_detector_node.py -> /Users/jonkach/Documents/Projects/VSCodeProjects/ros2_ws/build/shape_detection/build/lib/shape_detection
[0.553s] running install
[0.555s] running install_lib
[0.563s] copying /Users/jonkach/Documents/Projects/VSCodeProjects/ros2_ws/build/shape_detection/build/lib/shape_detection/shape_detector_node.py -> /Users/jonkach/Documents/Projects/VSCodeProjects/ros2_ws/install/shape_detection/lib/python3.12/site-packages/shape_detection
[0.563s] byte-compiling /Users/jonkach/Documents/Projects/VSCodeProjects/ros2_ws/install/shape_detection/lib/python3.12/site-packages/shape_detection/shape_detector_node.py to shape_detector_node.cpython-312.pyc
[0.564s] running install_data
[0.564s] running install_egg_info
[0.572s] removing '/Users/jonkach/Documents/Projects/VSCodeProjects/ros2_ws/install/shape_detection/lib/python3.12/site-packages/shape_detection-0.0.0-py3.12.egg-info' (and everything under it)
[0.572s] Copying ../../build/shape_detection/shape_detection.egg-info to /Users/jonkach/Documents/Projects/VSCodeProjects/ros2_ws/install/shape_detection/lib/python3.12/site-packages/shape_detection-0.0.0-py3.12.egg-info
[0.574s] running install_scripts
[0.609s] Installing shape_detector script to /Users/jonkach/Documents/Projects/VSCodeProjects/ros2_ws/install/shape_detection/lib/shape_detection
[0.609s] Installing video_publisher script to /Users/jonkach/Documents/Projects/VSCodeProjects/ros2_ws/install/shape_detection/lib/shape_detection
[0.609s] writing list of installed files to '/Users/jonkach/Documents/Projects/VSCodeProjects/ros2_ws/build/shape_detection/install.log'
[0.620s] Invoked command in '/Users/jonkach/Documents/Projects/VSCodeProjects/ros2_ws/src/shape_detection' returned '0': CONDA_PROMPT_MODIFIER=(ros2) PYTHONPATH=/Users/jonkach/Documents/Projects/VSCodeProjects/ros2_ws/build/shape_detection/prefix_override:/Users/jonkach/miniconda3/envs/ros2/lib/python3.12/site-packages/colcon_core/task/python/colcon_distutils_commands:/Users/jonkach/Documents/Projects/VSCodeProjects/ros2_ws/install/shape_detection/lib/python3.12/site-packages:${PYTHONPATH} SHLVL=2 _=/Users/jonkach/miniconda3/envs/ros2/bin/env /Users/jonkach/miniconda3/envs/ros2/bin/python3.12 -W ignore:setup.py install is deprecated -W ignore:easy_install command is deprecated setup.py egg_info --egg-base ../../build/shape_detection build --build-base /Users/jonkach/Documents/Projects/VSCodeProjects/ros2_ws/build/shape_detection/build install --record /Users/jonkach/Documents/Projects/VSCodeProjects/ros2_ws/build/shape_detection/install.log --single-version-externally-managed install_data
