[0.400s] Invoking command in '/Users/jonkach/Documents/Projects/VSCodeProjects/ros2_ws/build/shape_detection': CONDA_PROMPT_MODIFIER=(ros2) PYTHONPATH=/Users/jonkach/Documents/Projects/VSCodeProjects/ros2_ws/build/shape_detection/prefix_override:/Users/jonkach/miniconda3/envs/ros2/lib/python3.12/site-packages/colcon_core/task/python/colcon_distutils_commands:/Users/jonkach/Documents/Projects/VSCodeProjects/ros2_ws/install/shape_detection/lib/python3.12/site-packages:${PYTHONPATH} SHLVL=2 _=/Users/jonkach/miniconda3/envs/ros2/bin/env /Users/jonkach/miniconda3/envs/ros2/bin/python3.12 -W ignore:setup.py install is deprecated -W ignore:easy_install command is deprecated setup.py develop --editable --build-directory /Users/jonkach/Documents/Projects/VSCodeProjects/ros2_ws/build/shape_detection/build --no-deps symlink_data
[0.537s] running develop
[0.624s] running egg_info
[0.631s] writing shape_detection.egg-info/PKG-INFO
[0.631s] writing dependency_links to shape_detection.egg-info/dependency_links.txt
[0.631s] writing entry points to shape_detection.egg-info/entry_points.txt
[0.631s] writing requirements to shape_detection.egg-info/requires.txt
[0.632s] writing top-level names to shape_detection.egg-info/top_level.txt
[0.647s] reading manifest file 'shape_detection.egg-info/SOURCES.txt'
[0.648s] writing manifest file 'shape_detection.egg-info/SOURCES.txt'
[0.655s] running build_ext
[0.656s] Creating /Users/jonkach/Documents/Projects/VSCodeProjects/ros2_ws/install/shape_detection/lib/python3.12/site-packages/shape-detection.egg-link (link to .)
[0.656s] Installing shape_detector script to /Users/jonkach/Documents/Projects/VSCodeProjects/ros2_ws/install/shape_detection/lib/shape_detection
[0.656s] Installing video_publisher script to /Users/jonkach/Documents/Projects/VSCodeProjects/ros2_ws/install/shape_detection/lib/shape_detection
[0.656s] 
[0.656s] Installed /Users/jonkach/Documents/Projects/VSCodeProjects/ros2_ws/build/shape_detection
[0.656s] running symlink_data
[0.656s] creating /Users/jonkach/Documents/Projects/VSCodeProjects/ros2_ws/install/shape_detection/share/shape_detection/launch
[0.656s] symbolically linking /Users/jonkach/Documents/Projects/VSCodeProjects/ros2_ws/build/shape_detection/launch/detect_shapes.launch.py -> /Users/jonkach/Documents/Projects/VSCodeProjects/ros2_ws/install/shape_detection/share/shape_detection/launch
[0.669s] Invoked command in '/Users/jonkach/Documents/Projects/VSCodeProjects/ros2_ws/build/shape_detection' returned '0': CONDA_PROMPT_MODIFIER=(ros2) PYTHONPATH=/Users/jonkach/Documents/Projects/VSCodeProjects/ros2_ws/build/shape_detection/prefix_override:/Users/jonkach/miniconda3/envs/ros2/lib/python3.12/site-packages/colcon_core/task/python/colcon_distutils_commands:/Users/jonkach/Documents/Projects/VSCodeProjects/ros2_ws/install/shape_detection/lib/python3.12/site-packages:${PYTHONPATH} SHLVL=2 _=/Users/jonkach/miniconda3/envs/ros2/bin/env /Users/jonkach/miniconda3/envs/ros2/bin/python3.12 -W ignore:setup.py install is deprecated -W ignore:easy_install command is deprecated setup.py develop --editable --build-directory /Users/jonkach/Documents/Projects/VSCodeProjects/ros2_ws/build/shape_detection/build --no-deps symlink_data
