running egg_info
creating build/shape_detection/shape_detection.egg-info
writing build/shape_detection/shape_detection.egg-info/PKG-INFO
writing dependency_links to build/shape_detection/shape_detection.egg-info/dependency_links.txt
writing entry points to build/shape_detection/shape_detection.egg-info/entry_points.txt
writing requirements to build/shape_detection/shape_detection.egg-info/requires.txt
writing top-level names to build/shape_detection/shape_detection.egg-info/top_level.txt
writing manifest file 'build/shape_detection/shape_detection.egg-info/SOURCES.txt'
reading manifest file 'build/shape_detection/shape_detection.egg-info/SOURCES.txt'
writing manifest file 'build/shape_detection/shape_detection.egg-info/SOURCES.txt'
running build
running build_py
creating /Users/jonkach/Documents/Projects/VSCodeProjects/ros2_ws/src/shape_detection/build/shape_detection/build
creating /Users/jonkach/Documents/Projects/VSCodeProjects/ros2_ws/src/shape_detection/build/shape_detection/build/lib
creating /Users/jonkach/Documents/Projects/VSCodeProjects/ros2_ws/src/shape_detection/build/shape_detection/build/lib/shape_detection
copying shape_detection/__init__.py -> /Users/jonkach/Documents/Projects/VSCodeProjects/ros2_ws/src/shape_detection/build/shape_detection/build/lib/shape_detection
copying shape_detection/test.py -> /Users/jonkach/Documents/Projects/VSCodeProjects/ros2_ws/src/shape_detection/build/shape_detection/build/lib/shape_detection
copying shape_detection/shape_detector_node.py -> /Users/jonkach/Documents/Projects/VSCodeProjects/ros2_ws/src/shape_detection/build/shape_detection/build/lib/shape_detection
copying shape_detection/video_publisher.py -> /Users/jonkach/Documents/Projects/VSCodeProjects/ros2_ws/src/shape_detection/build/shape_detection/build/lib/shape_detection
running install
running install_lib
creating /Users/jonkach/Documents/Projects/VSCodeProjects/ros2_ws/src/shape_detection/install/shape_detection/lib/python3.12/site-packages/shape_detection
copying /Users/jonkach/Documents/Projects/VSCodeProjects/ros2_ws/src/shape_detection/build/shape_detection/build/lib/shape_detection/__init__.py -> /Users/jonkach/Documents/Projects/VSCodeProjects/ros2_ws/src/shape_detection/install/shape_detection/lib/python3.12/site-packages/shape_detection
copying /Users/jonkach/Documents/Projects/VSCodeProjects/ros2_ws/src/shape_detection/build/shape_detection/build/lib/shape_detection/test.py -> /Users/jonkach/Documents/Projects/VSCodeProjects/ros2_ws/src/shape_detection/install/shape_detection/lib/python3.12/site-packages/shape_detection
copying /Users/jonkach/Documents/Projects/VSCodeProjects/ros2_ws/src/shape_detection/build/shape_detection/build/lib/shape_detection/shape_detector_node.py -> /Users/jonkach/Documents/Projects/VSCodeProjects/ros2_ws/src/shape_detection/install/shape_detection/lib/python3.12/site-packages/shape_detection
copying /Users/jonkach/Documents/Projects/VSCodeProjects/ros2_ws/src/shape_detection/build/shape_detection/build/lib/shape_detection/video_publisher.py -> /Users/jonkach/Documents/Projects/VSCodeProjects/ros2_ws/src/shape_detection/install/shape_detection/lib/python3.12/site-packages/shape_detection
byte-compiling /Users/jonkach/Documents/Projects/VSCodeProjects/ros2_ws/src/shape_detection/install/shape_detection/lib/python3.12/site-packages/shape_detection/__init__.py to __init__.cpython-312.pyc
byte-compiling /Users/jonkach/Documents/Projects/VSCodeProjects/ros2_ws/src/shape_detection/install/shape_detection/lib/python3.12/site-packages/shape_detection/test.py to test.cpython-312.pyc
byte-compiling /Users/jonkach/Documents/Projects/VSCodeProjects/ros2_ws/src/shape_detection/install/shape_detection/lib/python3.12/site-packages/shape_detection/shape_detector_node.py to shape_detector_node.cpython-312.pyc
byte-compiling /Users/jonkach/Documents/Projects/VSCodeProjects/ros2_ws/src/shape_detection/install/shape_detection/lib/python3.12/site-packages/shape_detection/video_publisher.py to video_publisher.cpython-312.pyc
running install_data
creating /Users/jonkach/Documents/Projects/VSCodeProjects/ros2_ws/src/shape_detection/install/shape_detection/share/ament_index
creating /Users/jonkach/Documents/Projects/VSCodeProjects/ros2_ws/src/shape_detection/install/shape_detection/share/ament_index/resource_index
creating /Users/jonkach/Documents/Projects/VSCodeProjects/ros2_ws/src/shape_detection/install/shape_detection/share/ament_index/resource_index/packages
copying resource/shape_detection -> /Users/jonkach/Documents/Projects/VSCodeProjects/ros2_ws/src/shape_detection/install/shape_detection/share/ament_index/resource_index/packages
copying package.xml -> /Users/jonkach/Documents/Projects/VSCodeProjects/ros2_ws/src/shape_detection/install/shape_detection/share/shape_detection
creating /Users/jonkach/Documents/Projects/VSCodeProjects/ros2_ws/src/shape_detection/install/shape_detection/share/shape_detection/launch
copying launch/detect_shapes.launch.py -> /Users/jonkach/Documents/Projects/VSCodeProjects/ros2_ws/src/shape_detection/install/shape_detection/share/shape_detection/launch
creating /Users/jonkach/Documents/Projects/VSCodeProjects/ros2_ws/src/shape_detection/install/shape_detection/share/shape_detection/detect_resources
error: can't copy 'dynamic_video.mp4': doesn't exist or not a regular file
