running egg_info
writing build/shape_detection/shape_detection.egg-info/PKG-INFO
writing dependency_links to build/shape_detection/shape_detection.egg-info/dependency_links.txt
writing entry points to build/shape_detection/shape_detection.egg-info/entry_points.txt
writing requirements to build/shape_detection/shape_detection.egg-info/requires.txt
writing top-level names to build/shape_detection/shape_detection.egg-info/top_level.txt
reading manifest file 'build/shape_detection/shape_detection.egg-info/SOURCES.txt'
writing manifest file 'build/shape_detection/shape_detection.egg-info/SOURCES.txt'
running build
running build_py
copying shape_detection/shape_detector_node.py -> /Users/jonkach/Documents/Projects/VSCodeProjects/ros2_ws/src/shape_detection/build/shape_detection/build/lib/shape_detection
running install
running install_lib
copying /Users/jonkach/Documents/Projects/VSCodeProjects/ros2_ws/src/shape_detection/build/shape_detection/build/lib/shape_detection/shape_detector_node.py -> /Users/jonkach/Documents/Projects/VSCodeProjects/ros2_ws/src/shape_detection/install/shape_detection/lib/python3.12/site-packages/shape_detection
byte-compiling /Users/jonkach/Documents/Projects/VSCodeProjects/ros2_ws/src/shape_detection/install/shape_detection/lib/python3.12/site-packages/shape_detection/shape_detector_node.py to shape_detector_node.cpython-312.pyc
running install_data
running install_egg_info
removing '/Users/jonkach/Documents/Projects/VSCodeProjects/ros2_ws/src/shape_detection/install/shape_detection/lib/python3.12/site-packages/shape_detection-0.0.0-py3.12.egg-info' (and everything under it)
Copying build/shape_detection/shape_detection.egg-info to /Users/jonkach/Documents/Projects/VSCodeProjects/ros2_ws/src/shape_detection/install/shape_detection/lib/python3.12/site-packages/shape_detection-0.0.0-py3.12.egg-info
running install_scripts
Installing shape_detector script to /Users/jonkach/Documents/Projects/VSCodeProjects/ros2_ws/src/shape_detection/install/shape_detection/lib/shape_detection
Installing video_publisher script to /Users/jonkach/Documents/Projects/VSCodeProjects/ros2_ws/src/shape_detection/install/shape_detection/lib/shape_detection
writing list of installed files to '/Users/jonkach/Documents/Projects/VSCodeProjects/ros2_ws/src/shape_detection/build/shape_detection/install.log'
