[0.388s] Invoking command in '/Users/jonkach/Documents/Projects/VSCodeProjects/ros2_ws/src/shape_detection': CONDA_PROMPT_MODIFIER=(ros2) PYTHONPATH=/Users/jonkach/Documents/Projects/VSCodeProjects/ros2_ws/build/shape_detection/prefix_override:/Users/jonkach/miniconda3/envs/ros2/lib/python3.12/site-packages/colcon_core/task/python/colcon_distutils_commands:/Users/jonkach/Documents/Projects/VSCodeProjects/ros2_ws/install/shape_detection/lib/python3.12/site-packages:${PYTHONPATH} SHLVL=2 _=/Users/jonkach/miniconda3/envs/ros2/bin/env /Users/jonkach/miniconda3/envs/ros2/bin/python3.12 -W ignore:setup.py install is deprecated -W ignore:easy_install command is deprecated setup.py egg_info --egg-base ../../build/shape_detection build --build-base /Users/jonkach/Documents/Projects/VSCodeProjects/ros2_ws/build/shape_detection/build install --record /Users/jonkach/Documents/Projects/VSCodeProjects/ros2_ws/build/shape_detection/install.log --single-version-externally-managed install_data
[0.525s] running egg_info
[0.532s] writing ../../build/shape_detection/shape_detection.egg-info/PKG-INFO
[0.533s] writing dependency_links to ../../build/shape_detection/shape_detection.egg-info/dependency_links.txt
[0.533s] writing entry points to ../../build/shape_detection/shape_detection.egg-info/entry_points.txt
[0.533s] writing requirements to ../../build/shape_detection/shape_detection.egg-info/requires.txt
[0.533s] writing top-level names to ../../build/shape_detection/shape_detection.egg-info/top_level.txt
[0.548s] reading manifest file '../../build/shape_detection/shape_detection.egg-info/SOURCES.txt'
[0.548s] writing manifest file '../../build/shape_detection/shape_detection.egg-info/SOURCES.txt'
[0.548s] running build
[0.548s] running build_py
[0.549s] running install
[0.551s] running install_lib
[0.558s] running install_data
[0.558s] copying launch/detect_shapes.launch.py -> /Users/jonkach/Documents/Projects/VSCodeProjects/ros2_ws/install/shape_detection/share/shape_detection/launch
[0.558s] running install_egg_info
[0.566s] removing '/Users/jonkach/Documents/Projects/VSCodeProjects/ros2_ws/install/shape_detection/lib/python3.12/site-packages/shape_detection-0.0.0-py3.12.egg-info' (and everything under it)
[0.567s] Copying ../../build/shape_detection/shape_detection.egg-info to /Users/jonkach/Documents/Projects/VSCodeProjects/ros2_ws/install/shape_detection/lib/python3.12/site-packages/shape_detection-0.0.0-py3.12.egg-info
[0.568s] running install_scripts
[0.602s] Installing shape_detector script to /Users/jonkach/Documents/Projects/VSCodeProjects/ros2_ws/install/shape_detection/lib/shape_detection
[0.603s] Installing video_publisher script to /Users/jonkach/Documents/Projects/VSCodeProjects/ros2_ws/install/shape_detection/lib/shape_detection
[0.603s] writing list of installed files to '/Users/jonkach/Documents/Projects/VSCodeProjects/ros2_ws/build/shape_detection/install.log'
[0.614s] Invoked command in '/Users/jonkach/Documents/Projects/VSCodeProjects/ros2_ws/src/shape_detection' returned '0': CONDA_PROMPT_MODIFIER=(ros2) PYTHONPATH=/Users/jonkach/Documents/Projects/VSCodeProjects/ros2_ws/build/shape_detection/prefix_override:/Users/jonkach/miniconda3/envs/ros2/lib/python3.12/site-packages/colcon_core/task/python/colcon_distutils_commands:/Users/jonkach/Documents/Projects/VSCodeProjects/ros2_ws/install/shape_detection/lib/python3.12/site-packages:${PYTHONPATH} SHLVL=2 _=/Users/jonkach/miniconda3/envs/ros2/bin/env /Users/jonkach/miniconda3/envs/ros2/bin/python3.12 -W ignore:setup.py install is deprecated -W ignore:easy_install command is deprecated setup.py egg_info --egg-base ../../build/shape_detection build --build-base /Users/jonkach/Documents/Projects/VSCodeProjects/ros2_ws/build/shape_detection/build install --record /Users/jonkach/Documents/Projects/VSCodeProjects/ros2_ws/build/shape_detection/install.log --single-version-externally-managed install_data
